2023-04-08 15:08:44.016 [info] Log level: Info
2023-04-08 15:08:44.016 [info] Validating found git in: "git"
2023-04-08 15:08:44.016 [info] Using git "2.25.1" from "git"
2023-04-08 15:08:44.021 [info] > git rev-parse --show-toplevel [28ms]
2023-04-08 15:08:44.191 [info] > git rev-parse --git-dir --git-common-dir [151ms]
2023-04-08 15:08:44.196 [info] Open repository: /home/ascenderuser
2023-04-08 15:08:44.205 [info] > git rev-parse --show-toplevel [5ms]
2023-04-08 15:08:44.209 [info] > git rev-parse --show-toplevel [1ms]
2023-04-08 15:08:44.214 [info] > git config --get commit.template [9ms]
2023-04-08 15:08:44.217 [info] > git rev-parse --show-toplevel [5ms]
2023-04-08 15:08:44.226 [info] > git rev-parse --show-toplevel [5ms]
2023-04-08 15:08:44.232 [info] > git rev-parse --show-toplevel [2ms]
2023-04-08 15:08:44.236 [info] > git for-each-ref --format=%(refname)%00%(upstream:short)%00%(objectname)%00%(upstream:track)%00%(upstream:remotename)%00%(upstream:remoteref) refs/heads/develop refs/remotes/develop [11ms]
2023-04-08 15:08:44.246 [info] > git rev-parse --show-toplevel [10ms]
2023-04-08 15:08:44.251 [info] > git log --format=%H%n%aN%n%aE%n%at%n%ct%n%P%n%D%n%B -z -n528 -- /home/ascenderuser/Dockerfile [5ms]
2023-04-08 15:08:44.259 [info] > git rev-parse --show-toplevel [10ms]
2023-04-08 15:08:44.264 [info] > git rev-parse --show-toplevel [2ms]
2023-04-08 15:08:44.269 [info] > git status -z -uall [30ms]
2023-04-08 15:08:44.269 [info] > git rev-parse --show-toplevel [1ms]
2023-04-08 15:08:44.734 [info] > git rev-parse --show-toplevel [462ms]
2023-04-08 15:08:44.772 [info] > git rev-parse --show-toplevel [33ms]
2023-04-08 15:08:44.780 [info] > git config --get commit.template [73ms]
2023-04-08 15:08:44.781 [info] > git check-ignore -v -z --stdin [38ms]
2023-04-08 15:08:44.782 [info] > git rev-parse --show-toplevel [3ms]
2023-04-08 15:08:44.797 [info] > git rev-parse --show-toplevel [7ms]
2023-04-08 15:08:44.804 [info] > git for-each-ref --format=%(refname)%00%(upstream:short)%00%(objectname)%00%(upstream:track)%00%(upstream:remotename)%00%(upstream:remoteref) refs/heads/develop refs/remotes/develop [7ms]
2023-04-08 15:08:44.810 [info] > git rev-parse --show-toplevel [6ms]
2023-04-08 15:08:44.818 [info] > git rev-parse --show-toplevel [2ms]
2023-04-08 15:08:44.831 [info] > git rev-parse --show-toplevel [4ms]
2023-04-08 15:08:44.838 [info] > git status -z -uall [29ms]
2023-04-08 15:08:44.925 [info] > git show --textconv :Dockerfile [8ms]
2023-04-08 15:08:44.925 [info] > git ls-files --stage -- /home/ascenderuser/Dockerfile [3ms]
2023-04-08 15:08:44.926 [info] > git log --format=%H%n%aN%n%aE%n%at%n%ct%n%P%n%D%n%B -z -n528 -- /home/ascenderuser/Dockerfile [15ms]
2023-04-08 15:08:49.841 [info] > git config --get commit.template [5ms]
2023-04-08 15:08:49.841 [info] > git for-each-ref --format=%(refname)%00%(upstream:short)%00%(objectname)%00%(upstream:track)%00%(upstream:remotename)%00%(upstream:remoteref) refs/heads/develop refs/remotes/develop [0ms]
2023-04-08 15:08:49.863 [info] > git status -z -uall [18ms]
2023-04-08 15:08:54.932 [info] > git config --get commit.template [1ms]
2023-04-08 15:08:54.937 [info] > git for-each-ref --format=%(refname)%00%(upstream:short)%00%(objectname)%00%(upstream:track)%00%(upstream:remotename)%00%(upstream:remoteref) refs/heads/develop refs/remotes/develop [0ms]
2023-04-08 15:08:54.960 [info] > git status -z -uall [19ms]
2023-04-08 15:09:00.008 [info] > git config --get commit.template [1ms]
2023-04-08 15:09:00.013 [info] > git for-each-ref --format=%(refname)%00%(upstream:short)%00%(objectname)%00%(upstream:track)%00%(upstream:remotename)%00%(upstream:remoteref) refs/heads/develop refs/remotes/develop [0ms]
2023-04-08 15:09:00.040 [info] > git status -z -uall [20ms]
2023-04-08 15:09:01.684 [info] > git check-ignore -v -z --stdin [0ms]
2023-04-08 15:09:02.043 [info] > git log --format=%H%n%aN%n%aE%n%at%n%ct%n%P%n%D%n%B -z -n528 -- /home/ascenderuser/.devcontainer/devcontainer.json [68ms]
2023-04-08 15:09:02.175 [info] > git show --textconv :.devcontainer/devcontainer.json [7ms]
2023-04-08 15:09:02.176 [info] > git ls-files --stage -- /home/ascenderuser/.devcontainer/devcontainer.json [3ms]
2023-04-08 15:09:03.960 [info] > git log --format=%H%n%aN%n%aE%n%at%n%ct%n%P%n%D%n%B -z -n528 -- /home/ascenderuser/Dockerfile [1ms]
2023-04-08 15:09:04.169 [info] > git show --textconv :Dockerfile [6ms]
2023-04-08 15:09:04.169 [info] > git ls-files --stage -- /home/ascenderuser/Dockerfile [1ms]
2023-04-08 15:09:05.089 [info] > git config --get commit.template [2ms]
2023-04-08 15:09:05.095 [info] > git for-each-ref --format=%(refname)%00%(upstream:short)%00%(objectname)%00%(upstream:track)%00%(upstream:remotename)%00%(upstream:remoteref) refs/heads/develop refs/remotes/develop [0ms]
2023-04-08 15:09:05.121 [info] > git status -z -uall [22ms]
2023-04-08 15:09:10.171 [info] > git config --get commit.template [0ms]
2023-04-08 15:09:10.177 [info] > git for-each-ref --format=%(refname)%00%(upstream:short)%00%(objectname)%00%(upstream:track)%00%(upstream:remotename)%00%(upstream:remoteref) refs/heads/develop refs/remotes/develop [1ms]
2023-04-08 15:09:10.201 [info] > git status -z -uall [20ms]
2023-04-08 15:09:15.254 [info] > git config --get commit.template [5ms]
2023-04-08 15:09:15.254 [info] > git for-each-ref --format=%(refname)%00%(upstream:short)%00%(objectname)%00%(upstream:track)%00%(upstream:remotename)%00%(upstream:remoteref) refs/heads/develop refs/remotes/develop [1ms]
2023-04-08 15:09:15.277 [info] > git status -z -uall [19ms]
2023-04-08 15:09:20.334 [info] > git config --get commit.template [6ms]
2023-04-08 15:09:20.334 [info] > git for-each-ref --format=%(refname)%00%(upstream:short)%00%(objectname)%00%(upstream:track)%00%(upstream:remotename)%00%(upstream:remoteref) refs/heads/develop refs/remotes/develop [1ms]
2023-04-08 15:09:20.356 [info] > git status -z -uall [18ms]
2023-04-08 15:09:25.408 [info] > git config --get commit.template [5ms]
2023-04-08 15:09:25.408 [info] > git for-each-ref --format=%(refname)%00%(upstream:short)%00%(objectname)%00%(upstream:track)%00%(upstream:remotename)%00%(upstream:remoteref) refs/heads/develop refs/remotes/develop [1ms]
2023-04-08 15:09:25.430 [info] > git status -z -uall [18ms]
2023-04-08 15:09:30.485 [info] > git config --get commit.template [1ms]
2023-04-08 15:09:30.491 [info] > git for-each-ref --format=%(refname)%00%(upstream:short)%00%(objectname)%00%(upstream:track)%00%(upstream:remotename)%00%(upstream:remoteref) refs/heads/develop refs/remotes/develop [1ms]
2023-04-08 15:09:30.513 [info] > git status -z -uall [19ms]
2023-04-08 15:09:35.569 [info] > git config --get commit.template [5ms]
2023-04-08 15:09:35.570 [info] > git for-each-ref --format=%(refname)%00%(upstream:short)%00%(objectname)%00%(upstream:track)%00%(upstream:remotename)%00%(upstream:remoteref) refs/heads/develop refs/remotes/develop [2ms]
2023-04-08 15:09:35.590 [info] > git status -z -uall [17ms]
2023-04-08 15:09:40.643 [info] > git config --get commit.template [4ms]
2023-04-08 15:09:40.643 [info] > git for-each-ref --format=%(refname)%00%(upstream:short)%00%(objectname)%00%(upstream:track)%00%(upstream:remotename)%00%(upstream:remoteref) refs/heads/develop refs/remotes/develop [1ms]
2023-04-08 15:09:40.664 [info] > git status -z -uall [17ms]
2023-04-08 15:09:45.716 [info] > git config --get commit.template [5ms]
2023-04-08 15:09:45.716 [info] > git for-each-ref --format=%(refname)%00%(upstream:short)%00%(objectname)%00%(upstream:track)%00%(upstream:remotename)%00%(upstream:remoteref) refs/heads/develop refs/remotes/develop [0ms]
2023-04-08 15:09:45.739 [info] > git status -z -uall [19ms]
2023-04-08 15:09:50.794 [info] > git config --get commit.template [5ms]
2023-04-08 15:09:50.794 [info] > git for-each-ref --format=%(refname)%00%(upstream:short)%00%(objectname)%00%(upstream:track)%00%(upstream:remotename)%00%(upstream:remoteref) refs/heads/develop refs/remotes/develop [0ms]
2023-04-08 15:09:50.816 [info] > git status -z -uall [18ms]
2023-04-08 15:09:55.867 [info] > git config --get commit.template [1ms]
2023-04-08 15:09:55.872 [info] > git for-each-ref --format=%(refname)%00%(upstream:short)%00%(objectname)%00%(upstream:track)%00%(upstream:remotename)%00%(upstream:remoteref) refs/heads/develop refs/remotes/develop [0ms]
2023-04-08 15:09:55.894 [info] > git status -z -uall [18ms]
2023-04-08 15:10:00.944 [info] > git config --get commit.template [5ms]
2023-04-08 15:10:00.944 [info] > git for-each-ref --format=%(refname)%00%(upstream:short)%00%(objectname)%00%(upstream:track)%00%(upstream:remotename)%00%(upstream:remoteref) refs/heads/develop refs/remotes/develop [1ms]
2023-04-08 15:10:00.966 [info] > git status -z -uall [19ms]
2023-04-08 15:10:06.018 [info] > git config --get commit.template [5ms]
2023-04-08 15:10:06.018 [info] > git for-each-ref --format=%(refname)%00%(upstream:short)%00%(objectname)%00%(upstream:track)%00%(upstream:remotename)%00%(upstream:remoteref) refs/heads/develop refs/remotes/develop [0ms]
2023-04-08 15:10:06.040 [info] > git status -z -uall [18ms]
2023-04-08 15:10:11.095 [info] > git config --get commit.template [5ms]
2023-04-08 15:10:11.095 [info] > git for-each-ref --format=%(refname)%00%(upstream:short)%00%(objectname)%00%(upstream:track)%00%(upstream:remotename)%00%(upstream:remoteref) refs/heads/develop refs/remotes/develop [0ms]
2023-04-08 15:10:11.119 [info] > git status -z -uall [20ms]
2023-04-08 15:10:16.174 [info] > git config --get commit.template [5ms]
2023-04-08 15:10:16.174 [info] > git for-each-ref --format=%(refname)%00%(upstream:short)%00%(objectname)%00%(upstream:track)%00%(upstream:remotename)%00%(upstream:remoteref) refs/heads/develop refs/remotes/develop [0ms]
2023-04-08 15:10:16.197 [info] > git status -z -uall [19ms]
2023-04-08 15:10:21.252 [info] > git config --get commit.template [6ms]
2023-04-08 15:10:21.253 [info] > git for-each-ref --format=%(refname)%00%(upstream:short)%00%(objectname)%00%(upstream:track)%00%(upstream:remotename)%00%(upstream:remoteref) refs/heads/develop refs/remotes/develop [1ms]
2023-04-08 15:10:21.277 [info] > git status -z -uall [19ms]
2023-04-08 15:10:26.328 [info] > git config --get commit.template [5ms]
2023-04-08 15:10:26.328 [info] > git for-each-ref --format=%(refname)%00%(upstream:short)%00%(objectname)%00%(upstream:track)%00%(upstream:remotename)%00%(upstream:remoteref) refs/heads/develop refs/remotes/develop [1ms]
2023-04-08 15:10:26.349 [info] > git status -z -uall [18ms]
2023-04-08 15:10:31.407 [info] > git config --get commit.template [6ms]
2023-04-08 15:10:31.407 [info] > git for-each-ref --format=%(refname)%00%(upstream:short)%00%(objectname)%00%(upstream:track)%00%(upstream:remotename)%00%(upstream:remoteref) refs/heads/develop refs/remotes/develop [0ms]
2023-04-08 15:10:31.431 [info] > git status -z -uall [20ms]
2023-04-08 15:10:36.498 [info] > git config --get commit.template [5ms]
2023-04-08 15:10:36.498 [info] > git for-each-ref --format=%(refname)%00%(upstream:short)%00%(objectname)%00%(upstream:track)%00%(upstream:remotename)%00%(upstream:remoteref) refs/heads/develop refs/remotes/develop [1ms]
2023-04-08 15:10:36.519 [info] > git status -z -uall [17ms]
2023-04-08 15:10:41.570 [info] > git config --get commit.template [1ms]
2023-04-08 15:10:41.575 [info] > git for-each-ref --format=%(refname)%00%(upstream:short)%00%(objectname)%00%(upstream:track)%00%(upstream:remotename)%00%(upstream:remoteref) refs/heads/develop refs/remotes/develop [1ms]
2023-04-08 15:10:41.597 [info] > git status -z -uall [19ms]
2023-04-08 15:10:46.652 [info] > git config --get commit.template [5ms]
2023-04-08 15:10:46.652 [info] > git for-each-ref --format=%(refname)%00%(upstream:short)%00%(objectname)%00%(upstream:track)%00%(upstream:remotename)%00%(upstream:remoteref) refs/heads/develop refs/remotes/develop [0ms]
2023-04-08 15:10:46.673 [info] > git status -z -uall [17ms]
2023-04-08 15:10:51.737 [info] > git config --get commit.template [4ms]
2023-04-08 15:10:51.737 [info] > git for-each-ref --format=%(refname)%00%(upstream:short)%00%(objectname)%00%(upstream:track)%00%(upstream:remotename)%00%(upstream:remoteref) refs/heads/develop refs/remotes/develop [0ms]
2023-04-08 15:10:51.758 [info] > git status -z -uall [18ms]
2023-04-08 15:10:56.814 [info] > git config --get commit.template [5ms]
2023-04-08 15:10:56.814 [info] > git for-each-ref --format=%(refname)%00%(upstream:short)%00%(objectname)%00%(upstream:track)%00%(upstream:remotename)%00%(upstream:remoteref) refs/heads/develop refs/remotes/develop [0ms]
2023-04-08 15:10:56.837 [info] > git status -z -uall [19ms]
2023-04-08 15:11:01.884 [info] > git config --get commit.template [0ms]
2023-04-08 15:11:01.890 [info] > git for-each-ref --format=%(refname)%00%(upstream:short)%00%(objectname)%00%(upstream:track)%00%(upstream:remotename)%00%(upstream:remoteref) refs/heads/develop refs/remotes/develop [0ms]
2023-04-08 15:11:01.914 [info] > git status -z -uall [19ms]
2023-04-08 15:11:06.969 [info] > git config --get commit.template [4ms]
2023-04-08 15:11:06.969 [info] > git for-each-ref --format=%(refname)%00%(upstream:short)%00%(objectname)%00%(upstream:track)%00%(upstream:remotename)%00%(upstream:remoteref) refs/heads/develop refs/remotes/develop [1ms]
2023-04-08 15:11:06.991 [info] > git status -z -uall [19ms]
2023-04-08 15:11:12.049 [info] > git config --get commit.template [6ms]
2023-04-08 15:11:12.050 [info] > git for-each-ref --format=%(refname)%00%(upstream:short)%00%(objectname)%00%(upstream:track)%00%(upstream:remotename)%00%(upstream:remoteref) refs/heads/develop refs/remotes/develop [1ms]
2023-04-08 15:11:12.073 [info] > git status -z -uall [20ms]
