2023-04-08 14:59:10.114 [info] Log level: Info
2023-04-08 14:59:10.114 [info] Validating found git in: "git"
2023-04-08 14:59:10.114 [info] Using git "2.25.1" from "git"
2023-04-08 14:59:10.114 [info] > git rev-parse --show-toplevel [46ms]
2023-04-08 14:59:10.116 [info] > git rev-parse --git-dir --git-common-dir [11ms]
2023-04-08 14:59:10.120 [info] Open repository: /home/ascenderuser
2023-04-08 14:59:10.146 [info] > git rev-parse --show-toplevel [21ms]
2023-04-08 14:59:10.157 [info] > git rev-parse --show-toplevel [7ms]
2023-04-08 14:59:10.162 [info] > git config --get commit.template [32ms]
2023-04-08 14:59:10.163 [info] > git rev-parse --show-toplevel [2ms]
2023-04-08 14:59:10.174 [info] > git rev-parse --show-toplevel [7ms]
2023-04-08 14:59:10.316 [info] > git rev-parse --show-toplevel [138ms]
2023-04-08 14:59:10.321 [info] > git for-each-ref --format=%(refname)%00%(upstream:short)%00%(objectname)%00%(upstream:track)%00%(upstream:remotename)%00%(upstream:remoteref) refs/heads/develop refs/remotes/develop [149ms]
2023-04-08 14:59:10.331 [info] > git rev-parse --show-toplevel [10ms]
2023-04-08 14:59:10.337 [info] > git log --format=%H%n%aN%n%aE%n%at%n%ct%n%P%n%D%n%B -z -n528 -- /home/ascenderuser/.devcontainer/devcontainer.json [6ms]
2023-04-08 14:59:10.344 [info] > git rev-parse --show-toplevel [10ms]
2023-04-08 14:59:10.350 [info] > git rev-parse --show-toplevel [1ms]
2023-04-08 14:59:10.356 [info] > git rev-parse --show-toplevel [1ms]
2023-04-08 14:59:10.360 [info] > git status -z -uall [36ms]
2023-04-08 14:59:10.360 [info] > git rev-parse --show-toplevel [1ms]
2023-04-08 14:59:10.453 [info] > git rev-parse --show-toplevel [90ms]
2023-04-08 14:59:10.472 [info] > git rev-parse --show-toplevel [15ms]
2023-04-08 14:59:10.476 [info] > git config --get commit.template [49ms]
2023-04-08 14:59:10.483 [info] > git rev-parse --show-toplevel [7ms]
2023-04-08 14:59:10.895 [info] > git rev-parse --show-toplevel [406ms]
2023-04-08 14:59:10.919 [info] > git rev-parse --show-toplevel [20ms]
2023-04-08 14:59:10.930 [info] > git for-each-ref --format=%(refname)%00%(upstream:short)%00%(objectname)%00%(upstream:track)%00%(upstream:remotename)%00%(upstream:remoteref) refs/heads/develop refs/remotes/develop [41ms]
2023-04-08 14:59:10.942 [info] > git check-ignore -v -z --stdin [37ms]
2023-04-08 14:59:10.943 [info] > git rev-parse --show-toplevel [13ms]
2023-04-08 14:59:10.950 [info] > git rev-parse --show-toplevel [1ms]
2023-04-08 14:59:10.974 [info] > git status -z -uall [36ms]
2023-04-08 14:59:11.079 [info] > git show --textconv :.devcontainer/devcontainer.json [9ms]
2023-04-08 14:59:11.079 [info] > git ls-files --stage -- /home/ascenderuser/.devcontainer/devcontainer.json [3ms]
2023-04-08 14:59:11.080 [info] > git log --format=%H%n%aN%n%aE%n%at%n%ct%n%P%n%D%n%B -z -n528 -- /home/ascenderuser/.devcontainer/devcontainer.json [16ms]
2023-04-08 14:59:38.763 [info] > git config --get commit.template [0ms]
2023-04-08 14:59:38.767 [info] > git for-each-ref --format=%(refname)%00%(upstream:short)%00%(objectname)%00%(upstream:track)%00%(upstream:remotename)%00%(upstream:remoteref) refs/heads/develop refs/remotes/develop [1ms]
2023-04-08 14:59:38.794 [info] > git status -z -uall [22ms]
2023-04-08 15:00:54.929 [info] > git config --get commit.template [0ms]
2023-04-08 15:00:54.934 [info] > git for-each-ref --format=%(refname)%00%(upstream:short)%00%(objectname)%00%(upstream:track)%00%(upstream:remotename)%00%(upstream:remoteref) refs/heads/develop refs/remotes/develop [0ms]
2023-04-08 15:00:54.962 [info] > git status -z -uall [24ms]
2023-04-08 15:01:00.025 [info] > git config --get commit.template [0ms]
2023-04-08 15:01:00.030 [info] > git for-each-ref --format=%(refname)%00%(upstream:short)%00%(objectname)%00%(upstream:track)%00%(upstream:remotename)%00%(upstream:remoteref) refs/heads/develop refs/remotes/develop [0ms]
2023-04-08 15:01:00.055 [info] > git status -z -uall [19ms]
2023-04-08 15:01:05.101 [info] > git config --get commit.template [4ms]
2023-04-08 15:01:05.102 [info] > git for-each-ref --format=%(refname)%00%(upstream:short)%00%(objectname)%00%(upstream:track)%00%(upstream:remotename)%00%(upstream:remoteref) refs/heads/develop refs/remotes/develop [1ms]
2023-04-08 15:01:05.126 [info] > git status -z -uall [20ms]
2023-04-08 15:01:10.171 [info] > git config --get commit.template [4ms]
2023-04-08 15:01:10.172 [info] > git for-each-ref --format=%(refname)%00%(upstream:short)%00%(objectname)%00%(upstream:track)%00%(upstream:remotename)%00%(upstream:remoteref) refs/heads/develop refs/remotes/develop [1ms]
2023-04-08 15:01:10.193 [info] > git status -z -uall [18ms]
2023-04-08 15:01:15.243 [info] > git config --get commit.template [4ms]
2023-04-08 15:01:15.243 [info] > git for-each-ref --format=%(refname)%00%(upstream:short)%00%(objectname)%00%(upstream:track)%00%(upstream:remotename)%00%(upstream:remoteref) refs/heads/develop refs/remotes/develop [1ms]
2023-04-08 15:01:15.268 [info] > git status -z -uall [20ms]
2023-04-08 15:01:26.784 [info] > git config --get commit.template [0ms]
2023-04-08 15:01:26.791 [info] > git for-each-ref --format=%(refname)%00%(upstream:short)%00%(objectname)%00%(upstream:track)%00%(upstream:remotename)%00%(upstream:remoteref) refs/heads/develop refs/remotes/develop [1ms]
2023-04-08 15:01:26.813 [info] > git status -z -uall [17ms]
2023-04-08 15:01:31.860 [info] > git config --get commit.template [1ms]
2023-04-08 15:01:31.864 [info] > git for-each-ref --format=%(refname)%00%(upstream:short)%00%(objectname)%00%(upstream:track)%00%(upstream:remotename)%00%(upstream:remoteref) refs/heads/develop refs/remotes/develop [0ms]
2023-04-08 15:01:31.886 [info] > git status -z -uall [18ms]
2023-04-08 15:01:36.932 [info] > git config --get commit.template [1ms]
2023-04-08 15:01:36.939 [info] > git for-each-ref --format=%(refname)%00%(upstream:short)%00%(objectname)%00%(upstream:track)%00%(upstream:remotename)%00%(upstream:remoteref) refs/heads/develop refs/remotes/develop [0ms]
2023-04-08 15:01:36.963 [info] > git status -z -uall [20ms]
2023-04-08 15:01:42.010 [info] > git config --get commit.template [1ms]
2023-04-08 15:01:42.017 [info] > git for-each-ref --format=%(refname)%00%(upstream:short)%00%(objectname)%00%(upstream:track)%00%(upstream:remotename)%00%(upstream:remoteref) refs/heads/develop refs/remotes/develop [1ms]
2023-04-08 15:01:42.042 [info] > git status -z -uall [20ms]
2023-04-08 15:01:47.093 [info] > git config --get commit.template [1ms]
2023-04-08 15:01:47.098 [info] > git for-each-ref --format=%(refname)%00%(upstream:short)%00%(objectname)%00%(upstream:track)%00%(upstream:remotename)%00%(upstream:remoteref) refs/heads/develop refs/remotes/develop [1ms]
2023-04-08 15:01:47.123 [info] > git status -z -uall [20ms]
2023-04-08 15:01:52.180 [info] > git config --get commit.template [6ms]
2023-04-08 15:01:52.180 [info] > git for-each-ref --format=%(refname)%00%(upstream:short)%00%(objectname)%00%(upstream:track)%00%(upstream:remotename)%00%(upstream:remoteref) refs/heads/develop refs/remotes/develop [1ms]
2023-04-08 15:01:52.202 [info] > git status -z -uall [17ms]
2023-04-08 15:01:57.248 [info] > git config --get commit.template [0ms]
2023-04-08 15:01:57.253 [info] > git for-each-ref --format=%(refname)%00%(upstream:short)%00%(objectname)%00%(upstream:track)%00%(upstream:remotename)%00%(upstream:remoteref) refs/heads/develop refs/remotes/develop [0ms]
2023-04-08 15:01:57.276 [info] > git status -z -uall [18ms]
2023-04-08 15:06:30.865 [info] > git config --get commit.template [1ms]
2023-04-08 15:06:30.872 [info] > git for-each-ref --format=%(refname)%00%(upstream:short)%00%(objectname)%00%(upstream:track)%00%(upstream:remotename)%00%(upstream:remoteref) refs/heads/develop refs/remotes/develop [1ms]
2023-04-08 15:06:30.901 [info] > git status -z -uall [23ms]
2023-04-08 15:06:31.480 [info] > git log --format=%H%n%aN%n%aE%n%at%n%ct%n%P%n%D%n%B -z -n528 -- /home/ascenderuser/Dockerfile [27ms]
2023-04-08 15:06:31.703 [info] > git show --textconv :Dockerfile [6ms]
2023-04-08 15:06:31.704 [info] > git ls-files --stage -- /home/ascenderuser/Dockerfile [1ms]
2023-04-08 15:06:35.952 [info] > git config --get commit.template [6ms]
2023-04-08 15:06:35.952 [info] > git for-each-ref --format=%(refname)%00%(upstream:short)%00%(objectname)%00%(upstream:track)%00%(upstream:remotename)%00%(upstream:remoteref) refs/heads/develop refs/remotes/develop [0ms]
2023-04-08 15:06:35.975 [info] > git status -z -uall [18ms]
2023-04-08 15:06:41.031 [info] > git config --get commit.template [6ms]
2023-04-08 15:06:41.031 [info] > git for-each-ref --format=%(refname)%00%(upstream:short)%00%(objectname)%00%(upstream:track)%00%(upstream:remotename)%00%(upstream:remoteref) refs/heads/develop refs/remotes/develop [1ms]
2023-04-08 15:06:41.052 [info] > git status -z -uall [18ms]
2023-04-08 15:06:46.105 [info] > git config --get commit.template [5ms]
2023-04-08 15:06:46.105 [info] > git for-each-ref --format=%(refname)%00%(upstream:short)%00%(objectname)%00%(upstream:track)%00%(upstream:remotename)%00%(upstream:remoteref) refs/heads/develop refs/remotes/develop [1ms]
2023-04-08 15:06:46.129 [info] > git status -z -uall [20ms]
2023-04-08 15:06:51.177 [info] > git config --get commit.template [5ms]
2023-04-08 15:06:51.177 [info] > git for-each-ref --format=%(refname)%00%(upstream:short)%00%(objectname)%00%(upstream:track)%00%(upstream:remotename)%00%(upstream:remoteref) refs/heads/develop refs/remotes/develop [1ms]
2023-04-08 15:06:51.200 [info] > git status -z -uall [19ms]
2023-04-08 15:06:56.252 [info] > git config --get commit.template [7ms]
2023-04-08 15:06:56.252 [info] > git for-each-ref --format=%(refname)%00%(upstream:short)%00%(objectname)%00%(upstream:track)%00%(upstream:remotename)%00%(upstream:remoteref) refs/heads/develop refs/remotes/develop [0ms]
2023-04-08 15:06:56.276 [info] > git status -z -uall [19ms]
2023-04-08 15:07:01.327 [info] > git config --get commit.template [1ms]
2023-04-08 15:07:01.333 [info] > git for-each-ref --format=%(refname)%00%(upstream:short)%00%(objectname)%00%(upstream:track)%00%(upstream:remotename)%00%(upstream:remoteref) refs/heads/develop refs/remotes/develop [0ms]
2023-04-08 15:07:01.354 [info] > git status -z -uall [17ms]
2023-04-08 15:07:06.409 [info] > git config --get commit.template [6ms]
2023-04-08 15:07:06.409 [info] > git for-each-ref --format=%(refname)%00%(upstream:short)%00%(objectname)%00%(upstream:track)%00%(upstream:remotename)%00%(upstream:remoteref) refs/heads/develop refs/remotes/develop [0ms]
2023-04-08 15:07:06.432 [info] > git status -z -uall [18ms]
2023-04-08 15:07:11.485 [info] > git config --get commit.template [5ms]
2023-04-08 15:07:11.486 [info] > git for-each-ref --format=%(refname)%00%(upstream:short)%00%(objectname)%00%(upstream:track)%00%(upstream:remotename)%00%(upstream:remoteref) refs/heads/develop refs/remotes/develop [0ms]
2023-04-08 15:07:11.506 [info] > git status -z -uall [17ms]
2023-04-08 15:07:16.563 [info] > git config --get commit.template [6ms]
2023-04-08 15:07:16.563 [info] > git for-each-ref --format=%(refname)%00%(upstream:short)%00%(objectname)%00%(upstream:track)%00%(upstream:remotename)%00%(upstream:remoteref) refs/heads/develop refs/remotes/develop [0ms]
2023-04-08 15:07:16.585 [info] > git status -z -uall [17ms]
2023-04-08 15:07:21.640 [info] > git config --get commit.template [5ms]
2023-04-08 15:07:21.640 [info] > git for-each-ref --format=%(refname)%00%(upstream:short)%00%(objectname)%00%(upstream:track)%00%(upstream:remotename)%00%(upstream:remoteref) refs/heads/develop refs/remotes/develop [1ms]
2023-04-08 15:07:21.662 [info] > git status -z -uall [18ms]
2023-04-08 15:07:26.711 [info] > git config --get commit.template [5ms]
2023-04-08 15:07:26.711 [info] > git for-each-ref --format=%(refname)%00%(upstream:short)%00%(objectname)%00%(upstream:track)%00%(upstream:remotename)%00%(upstream:remoteref) refs/heads/develop refs/remotes/develop [0ms]
2023-04-08 15:07:26.733 [info] > git status -z -uall [18ms]
2023-04-08 15:07:31.799 [info] > git config --get commit.template [6ms]
2023-04-08 15:07:31.799 [info] > git for-each-ref --format=%(refname)%00%(upstream:short)%00%(objectname)%00%(upstream:track)%00%(upstream:remotename)%00%(upstream:remoteref) refs/heads/develop refs/remotes/develop [0ms]
2023-04-08 15:07:31.822 [info] > git status -z -uall [19ms]
2023-04-08 15:07:36.878 [info] > git config --get commit.template [5ms]
2023-04-08 15:07:36.878 [info] > git for-each-ref --format=%(refname)%00%(upstream:short)%00%(objectname)%00%(upstream:track)%00%(upstream:remotename)%00%(upstream:remoteref) refs/heads/develop refs/remotes/develop [1ms]
2023-04-08 15:07:36.899 [info] > git status -z -uall [18ms]
2023-04-08 15:07:41.953 [info] > git config --get commit.template [6ms]
2023-04-08 15:07:41.953 [info] > git for-each-ref --format=%(refname)%00%(upstream:short)%00%(objectname)%00%(upstream:track)%00%(upstream:remotename)%00%(upstream:remoteref) refs/heads/develop refs/remotes/develop [0ms]
2023-04-08 15:07:41.977 [info] > git status -z -uall [19ms]
2023-04-08 15:07:47.030 [info] > git config --get commit.template [4ms]
2023-04-08 15:07:47.031 [info] > git for-each-ref --format=%(refname)%00%(upstream:short)%00%(objectname)%00%(upstream:track)%00%(upstream:remotename)%00%(upstream:remoteref) refs/heads/develop refs/remotes/develop [1ms]
2023-04-08 15:07:47.052 [info] > git status -z -uall [18ms]
2023-04-08 15:07:52.107 [info] > git config --get commit.template [5ms]
2023-04-08 15:07:52.107 [info] > git for-each-ref --format=%(refname)%00%(upstream:short)%00%(objectname)%00%(upstream:track)%00%(upstream:remotename)%00%(upstream:remoteref) refs/heads/develop refs/remotes/develop [0ms]
2023-04-08 15:07:52.129 [info] > git status -z -uall [18ms]
2023-04-08 15:07:57.183 [info] > git config --get commit.template [5ms]
2023-04-08 15:07:57.183 [info] > git for-each-ref --format=%(refname)%00%(upstream:short)%00%(objectname)%00%(upstream:track)%00%(upstream:remotename)%00%(upstream:remoteref) refs/heads/develop refs/remotes/develop [0ms]
2023-04-08 15:07:57.207 [info] > git status -z -uall [20ms]
2023-04-08 15:08:02.263 [info] > git config --get commit.template [6ms]
2023-04-08 15:08:02.263 [info] > git for-each-ref --format=%(refname)%00%(upstream:short)%00%(objectname)%00%(upstream:track)%00%(upstream:remotename)%00%(upstream:remoteref) refs/heads/develop refs/remotes/develop [0ms]
2023-04-08 15:08:02.286 [info] > git status -z -uall [18ms]
